2021-05-28 00:07:28 [main] INFO  o.s.b.t.c.SpringBootTestContextBootstrapper - Neither @ContextConfiguration nor @ContextHierarchy found for test class [com.demo.twitter.to.kafka.service.TwitterToKafkaServiceApplicationTests], using SpringBootContextLoader
2021-05-28 00:07:28 [main] INFO  o.s.t.c.s.AbstractContextLoader - Could not detect default resource locations for test class [com.demo.twitter.to.kafka.service.TwitterToKafkaServiceApplicationTests]: no resource found for suffixes {-context.xml, Context.groovy}.
2021-05-28 00:07:28 [main] INFO  o.s.t.c.s.AnnotationConfigContextLoaderUtils - Could not detect default configuration classes for test class [com.demo.twitter.to.kafka.service.TwitterToKafkaServiceApplicationTests]: TwitterToKafkaServiceApplicationTests does not declare any static, non-private, non-final, nested classes annotated with @Configuration.
2021-05-28 00:07:28 [main] INFO  o.s.b.t.c.SpringBootTestContextBootstrapper - Neither @ContextConfiguration nor @ContextHierarchy found for test class [com.demo.twitter.to.kafka.service.TwitterToKafkaServiceApplicationTests], using SpringBootContextLoader
2021-05-28 00:07:28 [main] INFO  o.s.t.c.s.AbstractContextLoader - Could not detect default resource locations for test class [com.demo.twitter.to.kafka.service.TwitterToKafkaServiceApplicationTests]: no resource found for suffixes {-context.xml, Context.groovy}.
2021-05-28 00:07:28 [main] INFO  o.s.t.c.s.AnnotationConfigContextLoaderUtils - Could not detect default configuration classes for test class [com.demo.twitter.to.kafka.service.TwitterToKafkaServiceApplicationTests]: TwitterToKafkaServiceApplicationTests does not declare any static, non-private, non-final, nested classes annotated with @Configuration.
2021-05-28 00:07:28 [main] INFO  o.s.b.t.c.SpringBootTestContextBootstrapper - Neither @ContextConfiguration nor @ContextHierarchy found for test class [com.demo.twitter.to.kafka.service.TwitterToKafkaServiceApplicationTests], using SpringBootContextLoader
2021-05-28 00:07:28 [main] INFO  o.s.t.c.s.AbstractContextLoader - Could not detect default resource locations for test class [com.demo.twitter.to.kafka.service.TwitterToKafkaServiceApplicationTests]: no resource found for suffixes {-context.xml, Context.groovy}.
2021-05-28 00:07:28 [main] INFO  o.s.t.c.s.AnnotationConfigContextLoaderUtils - Could not detect default configuration classes for test class [com.demo.twitter.to.kafka.service.TwitterToKafkaServiceApplicationTests]: TwitterToKafkaServiceApplicationTests does not declare any static, non-private, non-final, nested classes annotated with @Configuration.
2021-05-28 00:08:32 [main] INFO  o.s.b.t.c.SpringBootTestContextBootstrapper - Neither @ContextConfiguration nor @ContextHierarchy found for test class [com.example.twitter.to.kafka.service.TwitterToKafkaServiceApplicationTests], using SpringBootContextLoader
2021-05-28 00:08:32 [main] INFO  o.s.t.c.s.AbstractContextLoader - Could not detect default resource locations for test class [com.example.twitter.to.kafka.service.TwitterToKafkaServiceApplicationTests]: no resource found for suffixes {-context.xml, Context.groovy}.
2021-05-28 00:08:32 [main] INFO  o.s.t.c.s.AnnotationConfigContextLoaderUtils - Could not detect default configuration classes for test class [com.example.twitter.to.kafka.service.TwitterToKafkaServiceApplicationTests]: TwitterToKafkaServiceApplicationTests does not declare any static, non-private, non-final, nested classes annotated with @Configuration.
2021-05-28 00:08:32 [main] INFO  o.s.b.t.c.SpringBootTestContextBootstrapper - Found @SpringBootConfiguration com.example.twitter.to.kafka.service.TwitterToKafkaServiceApplication for test class com.example.twitter.to.kafka.service.TwitterToKafkaServiceApplicationTests
2021-05-28 00:08:32 [main] INFO  o.s.b.t.c.SpringBootTestContextBootstrapper - Loaded default TestExecutionListener class names from location [META-INF/spring.factories]: [org.springframework.boot.test.mock.mockito.MockitoTestExecutionListener, org.springframework.boot.test.mock.mockito.ResetMocksTestExecutionListener, org.springframework.boot.test.autoconfigure.restdocs.RestDocsTestExecutionListener, org.springframework.boot.test.autoconfigure.web.client.MockRestServiceServerResetTestExecutionListener, org.springframework.boot.test.autoconfigure.web.servlet.MockMvcPrintOnlyOnFailureTestExecutionListener, org.springframework.boot.test.autoconfigure.web.servlet.WebDriverTestExecutionListener, org.springframework.boot.test.autoconfigure.webservices.client.MockWebServiceServerTestExecutionListener, org.springframework.test.context.web.ServletTestExecutionListener, org.springframework.test.context.support.DirtiesContextBeforeModesTestExecutionListener, org.springframework.test.context.support.DependencyInjectionTestExecutionListener, org.springframework.test.context.support.DirtiesContextTestExecutionListener, org.springframework.test.context.transaction.TransactionalTestExecutionListener, org.springframework.test.context.jdbc.SqlScriptsTestExecutionListener, org.springframework.test.context.event.EventPublishingTestExecutionListener]
2021-05-28 00:08:32 [main] INFO  o.s.b.t.c.SpringBootTestContextBootstrapper - Using TestExecutionListeners: [org.springframework.test.context.support.DirtiesContextBeforeModesTestExecutionListener@3ce3db41, org.springframework.boot.test.mock.mockito.MockitoTestExecutionListener@64df9a61, org.springframework.boot.test.autoconfigure.SpringBootDependencyInjectionTestExecutionListener@77602954, org.springframework.test.context.support.DirtiesContextTestExecutionListener@e260766, org.springframework.test.context.event.EventPublishingTestExecutionListener@2c3dec30, org.springframework.boot.test.mock.mockito.ResetMocksTestExecutionListener@34a97744, org.springframework.boot.test.autoconfigure.restdocs.RestDocsTestExecutionListener@4275c20c, org.springframework.boot.test.autoconfigure.web.client.MockRestServiceServerResetTestExecutionListener@7c56e013, org.springframework.boot.test.autoconfigure.web.servlet.MockMvcPrintOnlyOnFailureTestExecutionListener@3fc9dfc5, org.springframework.boot.test.autoconfigure.web.servlet.WebDriverTestExecutionListener@40258c2f, org.springframework.boot.test.autoconfigure.webservices.client.MockWebServiceServerTestExecutionListener@2cac4385]
2021-05-28 00:08:33 [main] INFO  c.e.t.t.k.s.TwitterToKafkaServiceApplicationTests - Starting TwitterToKafkaServiceApplicationTests on DESKTOP-TQ58HNN with PID 8796 (started by Rohit Dhingra in F:\EclipseWorkSpaces\EventBasedMSProj\microservice-demo\twitter-to-kafka-service)
2021-05-28 00:08:33 [main] INFO  c.e.t.t.k.s.TwitterToKafkaServiceApplicationTests - No active profile set, falling back to default profiles: default
2021-05-28 00:08:33 [main] INFO  c.e.t.t.k.s.TwitterToKafkaServiceApplicationTests - Started TwitterToKafkaServiceApplicationTests in 0.911 seconds (JVM running for 2.223)
2021-05-28 00:08:33 [main] INFO  c.e.t.t.k.s.TwitterToKafkaServiceApplication - App Starts
2021-05-28 00:08:33 [main] INFO  c.e.t.t.k.s.TwitterToKafkaServiceApplication - [Java, Microservices, Spring, Kafka, Elasticsearch]
2021-05-28 00:09:18 [main] INFO  c.e.t.t.k.s.TwitterToKafkaServiceApplication - Starting TwitterToKafkaServiceApplication on DESKTOP-TQ58HNN with PID 13484 (F:\EclipseWorkSpaces\EventBasedMSProj\microservice-demo\twitter-to-kafka-service\target\classes started by Rohit Dhingra in F:\EclipseWorkSpaces\EventBasedMSProj\microservice-demo\twitter-to-kafka-service)
2021-05-28 00:09:18 [main] INFO  c.e.t.t.k.s.TwitterToKafkaServiceApplication - No active profile set, falling back to default profiles: default
2021-05-28 00:09:18 [main] INFO  c.e.t.t.k.s.TwitterToKafkaServiceApplication - Started TwitterToKafkaServiceApplication in 0.849 seconds (JVM running for 1.393)
2021-05-28 00:09:18 [main] INFO  c.e.t.t.k.s.TwitterToKafkaServiceApplication - App Starts
2021-05-28 00:09:18 [main] INFO  c.e.t.t.k.s.TwitterToKafkaServiceApplication - [Java, Microservices, Spring, Kafka, Elasticsearch]
2021-05-28 00:12:42 [main] INFO  c.e.t.t.k.s.TwitterToKafkaServiceApplication - Starting TwitterToKafkaServiceApplication on DESKTOP-TQ58HNN with PID 9128 (F:\EclipseWorkSpaces\EventBasedMSProj\microservice-demo\twitter-to-kafka-service\target\classes started by Rohit Dhingra in F:\EclipseWorkSpaces\EventBasedMSProj\microservice-demo\twitter-to-kafka-service)
2021-05-28 00:12:42 [main] INFO  c.e.t.t.k.s.TwitterToKafkaServiceApplication - No active profile set, falling back to default profiles: default
2021-05-28 00:12:43 [main] INFO  c.e.t.t.k.s.TwitterToKafkaServiceApplication - Started TwitterToKafkaServiceApplication in 0.85 seconds (JVM running for 1.375)
2021-05-28 00:12:43 [main] INFO  c.e.t.t.k.s.TwitterToKafkaServiceApplication - App Starts
2021-05-28 00:12:43 [main] INFO  c.e.t.t.k.s.TwitterToKafkaServiceApplication - Welcome
2021-05-28 00:12:43 [main] INFO  c.e.t.t.k.s.TwitterToKafkaServiceApplication - [Java, Microservices, Spring, Kafka, Elasticsearch]
2021-05-28 00:13:06 [main] INFO  c.e.t.t.k.s.TwitterToKafkaServiceApplication - Starting TwitterToKafkaServiceApplication on DESKTOP-TQ58HNN with PID 19232 (F:\EclipseWorkSpaces\EventBasedMSProj\microservice-demo\twitter-to-kafka-service\target\classes started by Rohit Dhingra in F:\EclipseWorkSpaces\EventBasedMSProj\microservice-demo\twitter-to-kafka-service)
2021-05-28 00:13:06 [main] INFO  c.e.t.t.k.s.TwitterToKafkaServiceApplication - No active profile set, falling back to default profiles: default
2021-05-28 00:13:06 [main] INFO  c.e.t.t.k.s.TwitterToKafkaServiceApplication - Started TwitterToKafkaServiceApplication in 0.765 seconds (JVM running for 2.187)
2021-05-28 00:13:06 [main] INFO  c.e.t.t.k.s.TwitterToKafkaServiceApplication - App Starts
2021-05-28 00:13:06 [main] INFO  c.e.t.t.k.s.TwitterToKafkaServiceApplication - Welcome
2021-05-28 00:13:06 [main] INFO  c.e.t.t.k.s.TwitterToKafkaServiceApplication - [Java, Microservices, Spring, Kafka, Elasticsearch]
